<?xml version="1.0" encoding="UTF-8"?>
<!-- Generated by org.testng.reporters.JUnitXMLReporter -->
<testsuite ignored="1" hostname="Mayank-Macbook.local" failures="0" tests="4" name="Chrome test" time="31.12" errors="0" timestamp="2022-02-08T19:17:11 IST">
  <testcase classname="com.xyz.MavenExample2.Test4" name="t1_openBrowser" time="2.752"/>
  <testcase classname="com.xyz.MavenExample2.Test4" name="t2_openURL" time="3.768"/>
  <testcase classname="com.xyz.MavenExample2.Test4" name="t3_search" time="11.936"/>
  <testcase classname="com.xyz.MavenExample2.Test4" name="t4_result" time="12.614"/>
  <testcase classname="com.xyz.MavenExample2.Test4" name="t5_closeBrowser" time="0.0">
    <ignored/>
  </testcase> <!-- t5_closeBrowser -->
</testsuite> <!-- Chrome test -->
