<?xml version="1.0" encoding="UTF-8"?>
<!-- Generated by org.testng.reporters.JUnitXMLReporter -->
<testsuite ignored="1" hostname="Mayank-Macbook.local" failures="0" tests="4" name="Parallel Test 1" time="28.364" errors="0" timestamp="2022-02-09T08:39:32 IST">
  <testcase classname="com.xyz.MavenExample2.Test4" name="t1_openBrowser" time="2.497"/>
  <testcase classname="com.xyz.MavenExample2.Test4" name="t2_openURL" time="3.976"/>
  <testcase classname="com.xyz.MavenExample2.Test4" name="t3_search" time="10.639"/>
  <testcase classname="com.xyz.MavenExample2.Test4" name="t4_result" time="11.199"/>
  <testcase classname="com.xyz.MavenExample2.Test4" name="t5_closeBrowser" time="0.0">
    <ignored/>
  </testcase> <!-- t5_closeBrowser -->
</testsuite> <!-- Parallel Test 1 -->
